<?xml version="1.0" encoding="UTF-8"?>
<!-- Generated by org.testng.reporters.JUnitReportReporter -->
<testsuite skipped="1" hostname="FHLT0014" name="sample_Test.SetDownloadLocationDesiredCapabilities" tests="2" failures="0" timestamp="2019-10-11T13:19:49 IST" time="17.715" errors="0">
  <testcase name="openBrowser" time="17.715" classname="sample_Test.SetDownloadLocationDesiredCapabilities"/>
  <testcase name="test_01" classname="sample_Test.SetDownloadLocationDesiredCapabilities">
    <skipped/>
  </testcase> <!-- test_01 -->
</testsuite> <!-- sample_Test.SetDownloadLocationDesiredCapabilities -->
