<?xml version="1.0" encoding="UTF-8"?>
<!-- Generated by org.testng.reporters.JUnitReportReporter -->
<testsuite skipped="3" hostname="FHLT0014" name="sample_Test.SeleniumBasics" tests="5" failures="0" timestamp="2019-10-11T12:35:55 IST" time="6.881" errors="0">
  <testcase name="openBrowser" time="6.277" classname="sample_Test.SeleniumBasics"/>
  <testcase name="lbldetails" time="0.604" classname="sample_Test.SeleniumBasics"/>
  <testcase name="getExcelData" classname="sample_Test.SeleniumBasics">
    <skipped/>
  </testcase> <!-- getExcelData -->
  <testcase name="scnshot" classname="sample_Test.SeleniumBasics">
    <skipped/>
  </testcase> <!-- scnshot -->
  <testcase name="test1" classname="sample_Test.SeleniumBasics">
    <skipped/>
  </testcase> <!-- test1 -->
</testsuite> <!-- sample_Test.SeleniumBasics -->
