<?xml version="1.0" encoding="UTF-8"?>
<!-- Generated by org.testng.reporters.JUnitReportReporter -->
<testsuite skipped="0" hostname="FHLT0014" name="sample_Test.WriteDatainExcel" tests="1" failures="0" timestamp="2019-10-14T16:38:49 IST" time="0.708" errors="0">
  <testcase name="writeExcelData" time="0.708" classname="sample_Test.WriteDatainExcel"/>
</testsuite> <!-- sample_Test.WriteDatainExcel -->
