<?xml version="1.0" encoding="UTF-8"?>
<!-- Generated by org.testng.reporters.JUnitReportReporter -->
<testsuite skipped="0" hostname="FHLT0014" name="sample_Test.SetDownloadLocation" tests="1" failures="0" timestamp="2019-10-11T14:38:11 IST" time="25.618" errors="0">
  <testcase name="openBrowser" time="25.618" classname="sample_Test.SetDownloadLocation"/>
</testsuite> <!-- sample_Test.SetDownloadLocation -->
