<?xml version="1.0" encoding="UTF-8"?>
<!-- Generated by org.testng.reporters.JUnitReportReporter -->
<testsuite skipped="0" hostname="FHLT0014" name="sample_Test.AutoCompleteExample_Frame" tests="1" failures="0" timestamp="2019-10-14T12:17:41 IST" time="20.961" errors="0">
  <testcase name="autoClick" time="20.961" classname="sample_Test.AutoCompleteExample_Frame"/>
</testsuite> <!-- sample_Test.AutoCompleteExample_Frame -->
