<?xml version="1.0" encoding="UTF-8"?>
<!-- Generated by org.testng.reporters.JUnitReportReporter -->
<testsuite skipped="0" hostname="FHLT0014" name="sample_Test.SampleTestNG" tests="1" failures="0" timestamp="2019-10-11T09:06:29 IST" time="0.013" errors="0">
  <testcase name="test_01" time="0.013" classname="sample_Test.SampleTestNG"/>
</testsuite> <!-- sample_Test.SampleTestNG -->
