<?xml version="1.0" encoding="UTF-8"?>
<!-- Generated by org.testng.reporters.JUnitReportReporter -->
<testsuite skipped="2" hostname="FHLT0014" name="sample_Test.UploadFileRobotClass" tests="5" failures="0" timestamp="2019-10-11T10:50:51 IST" time="14.458" errors="0">
  <testcase name="openBrowser" time="5.698" classname="sample_Test.UploadFileRobotClass"/>
  <testcase name="fileUploadRobot" time="8.374" classname="sample_Test.UploadFileRobotClass"/>
  <testcase name="brwClose" time="0.386" classname="sample_Test.UploadFileRobotClass"/>
  <testcase name="AutoITFile" classname="sample_Test.UploadFileRobotClass">
    <skipped/>
  </testcase> <!-- AutoITFile -->
  <testcase name="fileupload" classname="sample_Test.UploadFileRobotClass">
    <skipped/>
  </testcase> <!-- fileupload -->
</testsuite> <!-- sample_Test.UploadFileRobotClass -->
