<?xml version="1.0" encoding="UTF-8"?>
<!-- Generated by org.testng.reporters.JUnitReportReporter -->
<testsuite skipped="3" hostname="FHLT0014" name="sample_Test.KeyboardAndOperatios" tests="6" failures="0" timestamp="2019-10-14T15:42:30 IST" time="24.811" errors="0">
  <testcase name="InvokeBrw" time="3.460" classname="sample_Test.KeyboardAndOperatios"/>
  <testcase name="doubleClick" time="10.845" classname="sample_Test.KeyboardAndOperatios"/>
  <testcase name="rightClick" time="10.506" classname="sample_Test.KeyboardAndOperatios"/>
  <testcase name="mouseover" classname="sample_Test.KeyboardAndOperatios">
    <skipped/>
  </testcase> <!-- mouseover -->
  <testcase name="mouseDrapAndDrop" classname="sample_Test.KeyboardAndOperatios">
    <skipped/>
  </testcase> <!-- mouseDrapAndDrop -->
  <testcase name="dropDown" classname="sample_Test.KeyboardAndOperatios">
    <skipped/>
  </testcase> <!-- dropDown -->
</testsuite> <!-- sample_Test.KeyboardAndOperatios -->
