<?xml version="1.0" encoding="UTF-8"?>
<!-- Generated by org.testng.reporters.JUnitReportReporter -->
<testsuite skipped="0" hostname="FHLT0014" name="sample_Test.AutoComplete_TextBox" tests="1" failures="0" timestamp="2019-10-14T12:23:04 IST" time="10.437" errors="0">
  <testcase name="selectValues" time="10.437" classname="sample_Test.AutoComplete_TextBox"/>
</testsuite> <!-- sample_Test.AutoComplete_TextBox -->
