<?xml version="1.0" encoding="UTF-8"?>
<!-- Generated by org.testng.reporters.JUnitReportReporter -->
<testsuite skipped="0" hostname="FHLT0014" name="sample_Test.InvokeBrowser" tests="3" failures="0" timestamp="2019-10-11T09:43:10 IST" time="6.129" errors="0">
  <testcase name="InvokeBrw" time="4.749" classname="sample_Test.InvokeBrowser"/>
  <testcase name="printInkBrw" time="1.161" classname="sample_Test.InvokeBrowser"/>
  <testcase name="brwClose" time="0.219" classname="sample_Test.InvokeBrowser"/>
</testsuite> <!-- sample_Test.InvokeBrowser -->
