<?xml version="1.0" encoding="UTF-8"?>
<!-- Generated by org.testng.reporters.JUnitReportReporter -->
<testsuite skipped="0" hostname="FHLT0014" name="sample_Test.InvokeBrowser" tests="3" failures="0" timestamp="2019-10-11T09:25:20 IST" time="5.455" errors="0">
  <testcase name="InvokeBrw" time="4.103" classname="sample_Test.InvokeBrowser"/>
  <testcase name="printInkBrw" time="1.180" classname="sample_Test.InvokeBrowser"/>
  <testcase name="brwClose" time="0.172" classname="sample_Test.InvokeBrowser"/>
</testsuite> <!-- sample_Test.InvokeBrowser -->
